0 info it worked if it ends with ok
1 verbose cli [ 'C:\\Program Files\\nodejs\\node.exe',
1 verbose cli   'C:\\Program Files\\nodejs\\node_modules\\npm\\bin\\npm-cli.js',
1 verbose cli   'install',
1 verbose cli   'babel-cli',
1 verbose cli   'babel-core',
1 verbose cli   'babel-presets-es2015',
1 verbose cli   '--save-dev' ]
2 info using npm@3.10.10
3 info using node@v6.11.3
4 silly loadCurrentTree Starting
5 silly install loadCurrentTree
6 silly install readLocalPackageData
7 silly fetchPackageMetaData babel-cli
8 silly fetchPackageMetaData babel-core
9 silly fetchPackageMetaData babel-presets-es2015
10 silly fetchNamedPackageData babel-cli
11 silly mapToRegistry name babel-cli
12 silly mapToRegistry using default registry
13 silly mapToRegistry registry https://registry.npmjs.org/
14 silly mapToRegistry data Result {
14 silly mapToRegistry   raw: 'babel-cli',
14 silly mapToRegistry   scope: null,
14 silly mapToRegistry   escapedName: 'babel-cli',
14 silly mapToRegistry   name: 'babel-cli',
14 silly mapToRegistry   rawSpec: '',
14 silly mapToRegistry   spec: 'latest',
14 silly mapToRegistry   type: 'tag' }
15 silly mapToRegistry uri https://registry.npmjs.org/babel-cli
16 silly fetchNamedPackageData babel-core
17 silly mapToRegistry name babel-core
18 silly mapToRegistry using default registry
19 silly mapToRegistry registry https://registry.npmjs.org/
20 silly mapToRegistry data Result {
20 silly mapToRegistry   raw: 'babel-core',
20 silly mapToRegistry   scope: null,
20 silly mapToRegistry   escapedName: 'babel-core',
20 silly mapToRegistry   name: 'babel-core',
20 silly mapToRegistry   rawSpec: '',
20 silly mapToRegistry   spec: 'latest',
20 silly mapToRegistry   type: 'tag' }
21 silly mapToRegistry uri https://registry.npmjs.org/babel-core
22 silly fetchNamedPackageData babel-presets-es2015
23 silly mapToRegistry name babel-presets-es2015
24 silly mapToRegistry using default registry
25 silly mapToRegistry registry https://registry.npmjs.org/
26 silly mapToRegistry data Result {
26 silly mapToRegistry   raw: 'babel-presets-es2015',
26 silly mapToRegistry   scope: null,
26 silly mapToRegistry   escapedName: 'babel-presets-es2015',
26 silly mapToRegistry   name: 'babel-presets-es2015',
26 silly mapToRegistry   rawSpec: '',
26 silly mapToRegistry   spec: 'latest',
26 silly mapToRegistry   type: 'tag' }
27 silly mapToRegistry uri https://registry.npmjs.org/babel-presets-es2015
28 verbose request uri https://registry.npmjs.org/babel-presets-es2015
29 verbose request no auth needed
30 info attempt registry request try #1 at 20:24:55
31 verbose request id fab68668cadf51a6
32 http request GET https://registry.npmjs.org/babel-presets-es2015
33 verbose request uri https://registry.npmjs.org/babel-cli
34 verbose request no auth needed
35 info attempt registry request try #1 at 20:24:55
36 verbose etag "5a986b5f-2020a"
37 verbose lastModified Thu, 1 Mar 2018 21:06:39 GMT
38 http request GET https://registry.npmjs.org/babel-cli
39 verbose request uri https://registry.npmjs.org/babel-core
40 verbose request no auth needed
41 info attempt registry request try #1 at 20:24:55
42 verbose etag "5aa2714f-816f9"
43 verbose lastModified Fri, 9 Mar 2018 11:34:39 GMT
44 http request GET https://registry.npmjs.org/babel-core
45 http 304 https://registry.npmjs.org/babel-cli
46 verbose headers { date: 'Tue, 13 Mar 2018 17:24:55 GMT',
46 verbose headers   via: '1.1 varnish',
46 verbose headers   'cache-control': 'max-age=300',
46 verbose headers   etag: '"5a986b5f-2020a"',
46 verbose headers   age: '6725',
46 verbose headers   connection: 'keep-alive',
46 verbose headers   'x-served-by': 'cache-hhn1538-HHN',
46 verbose headers   'x-cache': 'HIT',
46 verbose headers   'x-cache-hits': '12',
46 verbose headers   'x-timer': 'S1520961895.049199,VS0,VE0',
46 verbose headers   vary: 'Accept-Encoding, Accept' }
47 silly get cb [ 304,
47 silly get   { date: 'Tue, 13 Mar 2018 17:24:55 GMT',
47 silly get     via: '1.1 varnish',
47 silly get     'cache-control': 'max-age=300',
47 silly get     etag: '"5a986b5f-2020a"',
47 silly get     age: '6725',
47 silly get     connection: 'keep-alive',
47 silly get     'x-served-by': 'cache-hhn1538-HHN',
47 silly get     'x-cache': 'HIT',
47 silly get     'x-cache-hits': '12',
47 silly get     'x-timer': 'S1520961895.049199,VS0,VE0',
47 silly get     vary: 'Accept-Encoding, Accept' } ]
48 verbose etag https://registry.npmjs.org/babel-cli from cache
49 verbose get saving babel-cli to C:\Users\Динара\AppData\Roaming\npm-cache\registry.npmjs.org\babel-cli\.cache.json
50 verbose correctMkdir C:\Users\Динара\AppData\Roaming\npm-cache correctMkdir not in flight; initializing
51 http 304 https://registry.npmjs.org/babel-core
52 verbose headers { date: 'Tue, 13 Mar 2018 17:24:55 GMT',
52 verbose headers   via: '1.1 varnish',
52 verbose headers   'cache-control': 'max-age=300',
52 verbose headers   etag: '"5aa2714f-816f9"',
52 verbose headers   age: '6281',
52 verbose headers   connection: 'keep-alive',
52 verbose headers   'x-served-by': 'cache-hhn1530-HHN',
52 verbose headers   'x-cache': 'HIT',
52 verbose headers   'x-cache-hits': '82',
52 verbose headers   'x-timer': 'S1520961895.052077,VS0,VE0',
52 verbose headers   vary: 'Accept-Encoding, Accept' }
53 silly get cb [ 304,
53 silly get   { date: 'Tue, 13 Mar 2018 17:24:55 GMT',
53 silly get     via: '1.1 varnish',
53 silly get     'cache-control': 'max-age=300',
53 silly get     etag: '"5aa2714f-816f9"',
53 silly get     age: '6281',
53 silly get     connection: 'keep-alive',
53 silly get     'x-served-by': 'cache-hhn1530-HHN',
53 silly get     'x-cache': 'HIT',
53 silly get     'x-cache-hits': '82',
53 silly get     'x-timer': 'S1520961895.052077,VS0,VE0',
53 silly get     vary: 'Accept-Encoding, Accept' } ]
54 verbose etag https://registry.npmjs.org/babel-core from cache
55 verbose get saving babel-core to C:\Users\Динара\AppData\Roaming\npm-cache\registry.npmjs.org\babel-core\.cache.json
56 verbose correctMkdir C:\Users\Динара\AppData\Roaming\npm-cache correctMkdir already in flight; waiting
57 http 404 https://registry.npmjs.org/babel-presets-es2015
58 verbose headers { 'content-type': 'application/json',
58 verbose headers   'cache-control': 'max-age=0',
58 verbose headers   'content-length': '2',
58 verbose headers   'accept-ranges': 'bytes',
58 verbose headers   date: 'Tue, 13 Mar 2018 17:24:56 GMT',
58 verbose headers   via: '1.1 varnish',
58 verbose headers   connection: 'keep-alive',
58 verbose headers   'x-served-by': 'cache-hhn1545-HHN',
58 verbose headers   'x-cache': 'MISS',
58 verbose headers   'x-cache-hits': '0',
58 verbose headers   'x-timer': 'S1520961895.053392,VS0,VE1063',
58 verbose headers   vary: 'Accept-Encoding' }
59 silly get cb [ 404,
59 silly get   { 'content-type': 'application/json',
59 silly get     'cache-control': 'max-age=0',
59 silly get     'content-length': '2',
59 silly get     'accept-ranges': 'bytes',
59 silly get     date: 'Tue, 13 Mar 2018 17:24:56 GMT',
59 silly get     via: '1.1 varnish',
59 silly get     connection: 'keep-alive',
59 silly get     'x-served-by': 'cache-hhn1545-HHN',
59 silly get     'x-cache': 'MISS',
59 silly get     'x-cache-hits': '0',
59 silly get     'x-timer': 'S1520961895.053392,VS0,VE1063',
59 silly get     vary: 'Accept-Encoding' } ]
60 silly fetchPackageMetaData Error: Registry returned 404 for GET on https://registry.npmjs.org/babel-presets-es2015
60 silly fetchPackageMetaData     at makeError (C:\Program Files\nodejs\node_modules\npm\node_modules\npm-registry-client\lib\request.js:302:12)
60 silly fetchPackageMetaData     at CachingRegistryClient.<anonymous> (C:\Program Files\nodejs\node_modules\npm\node_modules\npm-registry-client\lib\request.js:280:14)
60 silly fetchPackageMetaData     at Request._callback (C:\Program Files\nodejs\node_modules\npm\node_modules\npm-registry-client\lib\request.js:210:14)
60 silly fetchPackageMetaData     at Request.self.callback (C:\Program Files\nodejs\node_modules\npm\node_modules\request\request.js:187:22)
60 silly fetchPackageMetaData     at emitTwo (events.js:106:13)
60 silly fetchPackageMetaData     at Request.emit (events.js:191:7)
60 silly fetchPackageMetaData     at Request.<anonymous> (C:\Program Files\nodejs\node_modules\npm\node_modules\request\request.js:1048:10)
60 silly fetchPackageMetaData     at emitOne (events.js:96:13)
60 silly fetchPackageMetaData     at Request.emit (events.js:188:7)
60 silly fetchPackageMetaData     at IncomingMessage.<anonymous> (C:\Program Files\nodejs\node_modules\npm\node_modules\request\request.js:969:12)
60 silly fetchPackageMetaData  error for babel-presets-es2015 { Error: Registry returned 404 for GET on https://registry.npmjs.org/babel-presets-es2015
60 silly fetchPackageMetaData     at makeError (C:\Program Files\nodejs\node_modules\npm\node_modules\npm-registry-client\lib\request.js:302:12)
60 silly fetchPackageMetaData     at CachingRegistryClient.<anonymous> (C:\Program Files\nodejs\node_modules\npm\node_modules\npm-registry-client\lib\request.js:280:14)
60 silly fetchPackageMetaData     at Request._callback (C:\Program Files\nodejs\node_modules\npm\node_modules\npm-registry-client\lib\request.js:210:14)
60 silly fetchPackageMetaData     at Request.self.callback (C:\Program Files\nodejs\node_modules\npm\node_modules\request\request.js:187:22)
60 silly fetchPackageMetaData     at emitTwo (events.js:106:13)
60 silly fetchPackageMetaData     at Request.emit (events.js:191:7)
60 silly fetchPackageMetaData     at Request.<anonymous> (C:\Program Files\nodejs\node_modules\npm\node_modules\request\request.js:1048:10)
60 silly fetchPackageMetaData     at emitOne (events.js:96:13)
60 silly fetchPackageMetaData     at Request.emit (events.js:188:7)
60 silly fetchPackageMetaData     at IncomingMessage.<anonymous> (C:\Program Files\nodejs\node_modules\npm\node_modules\request\request.js:969:12) pkgid: 'babel-presets-es2015', statusCode: 404, code: 'E404' }
61 silly rollbackFailedOptional Starting
62 silly rollbackFailedOptional Finishing
63 silly runTopLevelLifecycles Finishing
64 silly install printInstalled
65 verbose stack Error: Registry returned 404 for GET on https://registry.npmjs.org/babel-presets-es2015
65 verbose stack     at makeError (C:\Program Files\nodejs\node_modules\npm\node_modules\npm-registry-client\lib\request.js:302:12)
65 verbose stack     at CachingRegistryClient.<anonymous> (C:\Program Files\nodejs\node_modules\npm\node_modules\npm-registry-client\lib\request.js:280:14)
65 verbose stack     at Request._callback (C:\Program Files\nodejs\node_modules\npm\node_modules\npm-registry-client\lib\request.js:210:14)
65 verbose stack     at Request.self.callback (C:\Program Files\nodejs\node_modules\npm\node_modules\request\request.js:187:22)
65 verbose stack     at emitTwo (events.js:106:13)
65 verbose stack     at Request.emit (events.js:191:7)
65 verbose stack     at Request.<anonymous> (C:\Program Files\nodejs\node_modules\npm\node_modules\request\request.js:1048:10)
65 verbose stack     at emitOne (events.js:96:13)
65 verbose stack     at Request.emit (events.js:188:7)
65 verbose stack     at IncomingMessage.<anonymous> (C:\Program Files\nodejs\node_modules\npm\node_modules\request\request.js:969:12)
66 verbose statusCode 404
67 verbose pkgid babel-presets-es2015
68 verbose cwd C:\mine\di\react
69 error Windows_NT 10.0.16299
70 error argv "C:\\Program Files\\nodejs\\node.exe" "C:\\Program Files\\nodejs\\node_modules\\npm\\bin\\npm-cli.js" "install" "babel-cli" "babel-core" "babel-presets-es2015" "--save-dev"
71 error node v6.11.3
72 error npm  v3.10.10
73 error code E404
74 error 404 Registry returned 404 for GET on https://registry.npmjs.org/babel-presets-es2015
75 error 404
76 error 404 'babel-presets-es2015' is not in the npm registry.
77 error 404 You should bug the author to publish it (or use the name yourself!)
78 error 404 Note that you can also install from a
79 error 404 tarball, folder, http url, or git url.
80 verbose exit [ 1, true ]
